Namespace(batchsize=128, cuda=False, dataroot='../phone/phoneDatasetFinal.csv', debug=False, epochs=800, lr=0.01, manualSeed=None, name=1708, ngpu=0, nhidden_decoder=128, nhidden_encoder=128, ntimestep=10, resume=True, workers=2)
Traceback (most recent call last):
  File "main.py", line 59, in <module>
    model = DA_rnn(X, y,X_last, opt.ntimestep, opt.nhidden_encoder, opt.nhidden_decoder, opt.batchsize, opt.lr, opt.epochs,opt.resume)
  File "/home/xeno1897/rnn/DA-RNN/src/model.py", line 406, in __init__
    T=T)
  File "/home/xeno1897/rnn/DA-RNN/src/model.py", line 99, in __init__
    self.identity = torch.eye(input_size).cuda()
KeyboardInterrupt
Traceback (most recent call last):
  File "main.py", line 11, in <module>
    import pandas as pd
  File "/opt/anaconda3/lib/python3.7/site-packages/pandas/__init__.py", line 42, in <module>
    from pandas.core.api import *
  File "/opt/anaconda3/lib/python3.7/site-packages/pandas/core/api.py", line 7, in <module>
    from pandas.core.arrays.integer import (
  File "/opt/anaconda3/lib/python3.7/site-packages/pandas/core/arrays/__init__.py", line 5, in <module>
    from .categorical import Categorical  # noqa
  File "/opt/anaconda3/lib/python3.7/site-packages/pandas/core/arrays/categorical.py", line 33, in <module>
    from pandas.core.base import NoNewAttributesMixin, PandasObject, _shared_docs
  File "/opt/anaconda3/lib/python3.7/site-packages/pandas/core/base.py", line 26, in <module>
    import pandas.core.nanops as nanops
  File "/opt/anaconda3/lib/python3.7/site-packages/pandas/core/nanops.py", line 441, in <module>
    @disallow('M8', DatetimeTZDtype)
  File "/opt/anaconda3/lib/python3.7/site-packages/pandas/core/nanops.py", line 60, in __init__
    super(disallow, self).__init__()
KeyboardInterrupt
Namespace(batchsize=128, cuda=False, dataroot='../phone/phoneDatasetFinal.csv', debug=False, epochs=1200, lr=0.001, manualSeed=None, name=2908, ngpu=0, nhidden_decoder=128, nhidden_encoder=128, ntimestep=10, resume=False, workers=2)
/opt/anaconda3/lib/python3.7/site-packages/torch/nn/modules/rnn.py:54: UserWarning: dropout option adds dropout after all but last recurrent layer, so non-zero dropout expects num_layers greater than 1, but got dropout=0.2 and num_layers=1
  "num_layers={}".format(dropout, num_layers))
/home/xeno1897/DA-RNN/src/model.py:249: UserWarning: Implicit dimension choice for softmax has been deprecated. Change the call to include dim=X as an argument.
  alpha = F.softmax(x.view(-1, self.input_size))
/home/xeno1897/DA-RNN/src/model.py:330: UserWarning: Implicit dimension choice for softmax has been deprecated. Change the call to include dim=X as an argument.
  x.view(-1, 2 * self.decoder_num_hidden + self.encoder_num_hidden)).view(-1, self.T))
